<?xml version="1.0" encoding="UTF-8"?>
<!-- Generated by org.testng.reporters.JUnitReportReporter -->
<testsuite hostname="Iqbals-MacBook-Air.local" failures="0" tests="2" name="Execution.TestExecution" time="42.513" errors="0" timestamp="19 Feb 2020 20:00:42 GMT">
  <testcase classname="Execution.TestExecution" name="verify_launch_1" time="17.683"/>
  <testcase classname="Execution.TestExecution" name="verify_launch_1" time="24.830"/>
</testsuite> <!-- Execution.TestExecution -->
